#
# There is insufficient memory for the Java Runtime Environment to continue.
# Native memory allocation (malloc) failed to allocate 1048576 bytes for AllocateHeap
# Possible reasons:
#   The system is out of physical RAM or swap space
#   The process is running with CompressedOops enabled, and the Java Heap may be blocking the growth of the native heap
# Possible solutions:
#   Reduce memory load on the system
#   Increase physical memory or swap space
#   Check if swap backing store is full
#   Decrease Java heap size (-Xmx/-Xms)
#   Decrease number of Java threads
#   Decrease Java thread stack sizes (-Xss)
#   Set larger code cache with -XX:ReservedCodeCacheSize=
#   JVM is running with Zero Based Compressed Oops mode in which the Java heap is
#     placed in the first 32GB address space. The Java Heap base address is the
#     maximum limit for the native heap growth. Please use -XX:HeapBaseMinAddress
#     to set the Java Heap base and to place the Java Heap above 32GB virtual address.
# This output file may be truncated or incomplete.
#
#  Out of Memory Error (allocation.cpp:44), pid=1220, tid=23016
#
# JRE version:  (17.0.7) (build )
# Java VM: OpenJDK 64-Bit Server VM (17.0.7+0-b2043.56-10550314, mixed mode, sharing, tiered, compressed oops, compressed class ptrs, g1 gc, windows-amd64)
# No core dump will be written. Minidumps are not enabled by default on client versions of Windows
#

---------------  S U M M A R Y ------------

Command Line: -Denv.class.path=C:\Program Files\Java\jdk-18.0.2.1\lib -Dapplication.home=C:\Program Files\Android\Android Studio\jbr --add-modules=ALL-DEFAULT -Xms8m -Djdk.module.main=jdk.jlink jdk.jlink/jdk.tools.jlink.internal.Main --version

Host: Intel(R) Core(TM) i5-9400F CPU @ 2.90GHz, 6 cores, 15G,  Windows 10 , 64 bit Build 19041 (10.0.19041.3636)
Time: Thu Feb 15 21:35:31 2024  Windows 10 , 64 bit Build 19041 (10.0.19041.3636) elapsed time: 0.025816 seconds (0d 0h 0m 0s)

---------------  T H R E A D  ---------------

Current thread (0x0000011ac99604b0):  JavaThread "Unknown thread" [_thread_in_vm, id=23016, stack(0x0000000745d00000,0x0000000745e00000)]

Stack: [0x0000000745d00000,0x0000000745e00000]
Native frames: (J=compiled Java code, j=interpreted, Vv=VM code, C=native code)
V  [jvm.dll+0x683bfa]
V  [jvm.dll+0x8430a4]
V  [jvm.dll+0x8449be]
V  [jvm.dll+0x845023]
V  [jvm.dll+0x24ad2f]
V  [jvm.dll+0xa69cf]
V  [jvm.dll+0x2ea707]
V  [jvm.dll+0x2e23eb]
V  [jvm.dll+0x814391]
V  [jvm.dll+0x36ffe1]
V  [jvm.dll+0x7f396c]
V  [jvm.dll+0x3f305f]
V  [jvm.dll+0x3f4b91]
C  [jli.dll+0x528f]
C  [ucrtbase.dll+0x21bb2]
C  [KERNEL32.DLL+0x17344]
C  [ntdll.dll+0x526b1]


---------------  P R O C E S S  ---------------

Threads class SMR info:
_java_thread_list=0x00007ff8eeabd098, length=0, elements={
}

Java Threads: ( => current thread )

Other Threads:
  0x0000011ac99cc1d0 GCTaskThread "GC Thread#0" [stack: 0x0000000745e00000,0x0000000745f00000] [id=21940]

[error occurred during error reporting (printing all threads), id 0xc0000005, EXCEPTION_ACCESS_VIOLATION (0xc0000005) at pc=0x00007ff8ee26f650]

VM state: not at safepoint (not fully initialized)

VM Mutex/Monitor currently owned by a thread:  ([mutex/lock_event])
[0x0000011ac995d1a0] Heap_lock - owner thread: 0x0000011ac99604b0

Heap address: 0x00000004d6000000, size: 4080 MB, Compressed Oops mode: Zero based, Oop shift amount: 3

CDS archive(s) mapped at: [0x0000000000000000-0x0000000000000000-0x0000000000000000), size 0, SharedBaseAddress: 0x0000000800000000, ArchiveRelocationMode: 0.
Narrow klass base: 0x0000000000000000, Narrow klass shift: 0, Narrow klass range: 0x0

GC Precious Log:
<Empty>

Heap:
 garbage-first heap   total 0K, used 0K [0x00000004d6000000, 0x00000005d5000000)
  region size 2048K, 0 young (0K), 0 survivors (0K)
 Metaspace       used 0K, committed 0K, reserved 0K
  class space    used 0K, committed 0K, reserved 0K

Heap Regions: E=young(eden), S=young(survivor), O=old, HS=humongous(starts), HC=humongous(continues), CS=collection set, F=free, OA=open archive, CA=closed archive, TAMS=top-at-mark-start (previous, next)

Card table byte_map: [0x0000011adc750000,0x0000011adcf50000] _byte_map_base: 0x0000011ada0a0000

GC Heap History (0 events):
No events

Dll operation events (1 events):
Event: 0.018 Loaded shared library C:\Program Files\Android\Android Studio\jbr\bin\java.dll

Deoptimization events (0 events):
No events

Classes unloaded (0 events):
No events

Classes redefined (0 events):
No events

Internal exceptions (0 events):
No events

VM Operations (0 events):
No events

Events (0 events):
No events


Dynamic libraries:
0x00007ff77e0e0000 - 0x00007ff77e0e8000 	C:\Program Files\Android\Android Studio\jbr\bin\jlink.exe
0x00007ff9667d0000 - 0x00007ff9669c8000 	C:\Windows\SYSTEM32\ntdll.dll
0x00007ff964870000 - 0x00007ff96492d000 	C:\Windows\System32\KERNEL32.DLL
0x00007ff964180000 - 0x00007ff964476000 	C:\Windows\System32\KERNELBASE.dll
0x00007ff964720000 - 0x00007ff964820000 	C:\Windows\System32\ucrtbase.dll
0x00007ff94fd80000 - 0x00007ff94fd9b000 	C:\Program Files\Android\Android Studio\jbr\bin\VCRUNTIME140.dll
0x00007ff92ecf0000 - 0x00007ff92ed07000 	C:\Program Files\Android\Android Studio\jbr\bin\jli.dll
0x00007ff966470000 - 0x00007ff96660e000 	C:\Windows\System32\USER32.dll
0x00007ff9640b0000 - 0x00007ff9640d2000 	C:\Windows\System32\win32u.dll
0x00007ff964840000 - 0x00007ff96486c000 	C:\Windows\System32\GDI32.dll
0x00007ff94e0c0000 - 0x00007ff94e35a000 	C:\Windows\WinSxS\amd64_microsoft.windows.common-controls_6595b64144ccf1df_6.0.19041.3636_none_60b6a03d71f818d5\COMCTL32.dll
0x00007ff964600000 - 0x00007ff96471a000 	C:\Windows\System32\gdi32full.dll
0x00007ff964930000 - 0x00007ff9649ce000 	C:\Windows\System32\msvcrt.dll
0x00007ff9640e0000 - 0x00007ff96417d000 	C:\Windows\System32\msvcp_win.dll
0x00007ff9654d0000 - 0x00007ff965500000 	C:\Windows\System32\IMM32.DLL
0x00007ff94fd70000 - 0x00007ff94fd7c000 	C:\Program Files\Android\Android Studio\jbr\bin\vcruntime140_1.dll
0x00007ff93fb80000 - 0x00007ff93fc0d000 	C:\Program Files\Android\Android Studio\jbr\bin\msvcp140.dll
0x00007ff8edf80000 - 0x00007ff8eec00000 	C:\Program Files\Android\Android Studio\jbr\bin\server\jvm.dll
0x00007ff9649d0000 - 0x00007ff964a83000 	C:\Windows\System32\ADVAPI32.dll
0x00007ff965a70000 - 0x00007ff965b0f000 	C:\Windows\System32\sechost.dll
0x00007ff9652f0000 - 0x00007ff965416000 	C:\Windows\System32\RPCRT4.dll
0x00007ff9645d0000 - 0x00007ff9645f7000 	C:\Windows\System32\bcrypt.dll
0x00007ff95ece0000 - 0x00007ff95ecea000 	C:\Windows\SYSTEM32\VERSION.dll
0x00007ff95ebb0000 - 0x00007ff95ebb9000 	C:\Windows\SYSTEM32\WSOCK32.dll
0x00007ff965280000 - 0x00007ff9652eb000 	C:\Windows\System32\WS2_32.dll
0x00007ff952b30000 - 0x00007ff952b57000 	C:\Windows\SYSTEM32\WINMM.dll
0x00007ff9626f0000 - 0x00007ff962702000 	C:\Windows\SYSTEM32\kernel.appcore.dll
0x00007ff9528b0000 - 0x00007ff9528ba000 	C:\Program Files\Android\Android Studio\jbr\bin\jimage.dll
0x00007ff94fb60000 - 0x00007ff94fd44000 	C:\Windows\SYSTEM32\DBGHELP.DLL
0x00007ff94c7d0000 - 0x00007ff94c804000 	C:\Windows\SYSTEM32\dbgcore.DLL
0x00007ff9644f0000 - 0x00007ff964572000 	C:\Windows\System32\bcryptPrimitives.dll
0x00007ff9347d0000 - 0x00007ff9347f5000 	C:\Program Files\Android\Android Studio\jbr\bin\java.dll

dbghelp: loaded successfully - version: 4.0.5 - missing functions: none
symbol engine: initialized successfully - sym options: 0x614 - pdb path: .;C:\Program Files\Android\Android Studio\jbr\bin;C:\Windows\SYSTEM32;C:\Windows\WinSxS\amd64_microsoft.windows.common-controls_6595b64144ccf1df_6.0.19041.3636_none_60b6a03d71f818d5;C:\Program Files\Android\Android Studio\jbr\bin\server

VM Arguments:
jvm_args: -Denv.class.path=C:\Program Files\Java\jdk-18.0.2.1\lib -Dapplication.home=C:\Program Files\Android\Android Studio\jbr --add-modules=ALL-DEFAULT -Xms8m -Djdk.module.main=jdk.jlink 
java_command: jdk.jlink/jdk.tools.jlink.internal.Main --version
java_class_path (initial): <not set>
Launcher Type: SUN_STANDARD

[Global flags]
     intx CICompilerCount                          = 3                                         {product} {ergonomic}
     uint ConcGCThreads                            = 2                                         {product} {ergonomic}
     uint G1ConcRefinementThreads                  = 6                                         {product} {ergonomic}
   size_t G1HeapRegionSize                         = 2097152                                   {product} {ergonomic}
    uintx GCDrainStackTargetSize                   = 64                                        {product} {ergonomic}
   size_t InitialHeapSize                          = 8388608                                   {product} {command line}
   size_t MarkStackSize                            = 4194304                                   {product} {ergonomic}
   size_t MaxHeapSize                              = 4278190080                                {product} {ergonomic}
   size_t MinHeapDeltaBytes                        = 2097152                                   {product} {ergonomic}
   size_t MinHeapSize                              = 8388608                                   {product} {command line}
    uintx NonNMethodCodeHeapSize                   = 5832780                                {pd product} {ergonomic}
    uintx NonProfiledCodeHeapSize                  = 122912730                              {pd product} {ergonomic}
    uintx ProfiledCodeHeapSize                     = 122912730                              {pd product} {ergonomic}
    uintx ReservedCodeCacheSize                    = 251658240                              {pd product} {ergonomic}
     bool SegmentedCodeCache                       = true                                      {product} {ergonomic}
   size_t SoftMaxHeapSize                          = 4278190080                             {manageable} {ergonomic}
     bool UseCompressedClassPointers               = true                           {product lp64_product} {ergonomic}
     bool UseCompressedOops                        = true                           {product lp64_product} {ergonomic}
     bool UseG1GC                                  = true                                      {product} {ergonomic}
     bool UseLargePagesIndividualAllocation        = false                                  {pd product} {ergonomic}

Logging:
Log output configuration:
 #0: stdout all=warning uptime,level,tags
 #1: stderr all=off uptime,level,tags

Environment Variables:
JAVA_HOME=C:\Program Files\Java\jdk-18.0.2.1
CLASSPATH=C:\Program Files\Java\jdk-18.0.2.1\lib
PATH=C:\Program Files (x86)\Razer\ChromaBroadcast\bin;C:\Program Files\Razer\ChromaBroadcast\bin;C:\Program Files\Common Files\Oracle\Java\javapath;C:\Program Files (x86)\VMware\VMware Player\bin\;C:\Windows\system32;C:\Windows;C:\Windows\System32\Wbem;C:\Windows\System32\WindowsPowerShell\v1.0\;C:\Windows\System32\OpenSSH\;C:\Program Files\Java\jdk-18.0.2.1\bin;C:\Program Files\nodejs\;C:\Windows\system32\config\systemprofile\AppData\Local\Microsoft\WindowsApps;C:\Program Files\Git\cmd;%LOCALAPPDATA%\Android\Sdk\platform-tools;C:\Users\User\AppData\Local\Android\Sdk\platform-tools;C:\Users\User\AppData\Local\Android\Sdk\tools;C:\Users\User\Desktop\brother\새 폴더\Scripts\;C:\Users\User\Desktop\brother\새 폴더\;C:\Users\User\AppData\Local\Microsoft\WindowsApps;;C:\Users\User\Desktop\brother\새 폴더\PyCharm 2021.3.3\bin;;C:\Users\User\Desktop\brother\pycharm\PyCharm Community Edition 2021.3.3\bin;;C:\Users\User\AppData\Local\afreeca;C:\Users\User\AppData\Local\Programs\Microsoft VS Code\bin;C:\Users\User\AppData\Roaming\npm
USERNAME=User
OS=Windows_NT
PROCESSOR_IDENTIFIER=Intel64 Family 6 Model 158 Stepping 10, GenuineIntel
TMP=C:\Users\User\AppData\Local\Temp
TEMP=C:\Users\User\AppData\Local\Temp


JNI global refs:
JNI global refs: 0, weak refs: 0

JNI global refs memory usage: 0, weak refs: 0

OOME stack traces (most recent first):
Classloader memory used:


---------------  S Y S T E M  ---------------

OS:
 Windows 10 , 64 bit Build 19041 (10.0.19041.3636)
OS uptime: 2 days 1:23 hours

CPU: total 6 (initial active 6) (6 cores per cpu, 1 threads per core) family 6 model 158 stepping 10 microcode 0xb4, cx8, cmov, fxsr, mmx, 3dnowpref, sse, sse2, sse3, ssse3, sse4.1, sse4.2, popcnt, lzcnt, tsc, tscinvbit, avx, avx2, aes, erms, clmul, bmi1, bmi2, adx, fma, vzeroupper, clflush, clflushopt

Memory: 4k page, system-wide physical 16317M (1869M free)
TotalPageFile size 18365M (AvailPageFile size 8M)
current process WorkingSet (physical memory assigned to process): 10M, peak: 10M
current process commit charge ("private bytes"): 53M, peak: 54M

vm_info: OpenJDK 64-Bit Server VM (17.0.7+0-b2043.56-10550314) for windows-amd64 JRE (17.0.7+0-b2043.56-10550314), built on Jul 24 2023 18:27:45 by "androidbuild" with MS VC++ 16.10 / 16.11 (VS2019)

END.
